0 info it worked if it ends with ok
1 verbose cli [ 'C:\\Program Files\\nodejs\\\\node.exe',
1 verbose cli   'C:\\Program Files\\nodejs\\node_modules\\npm\\bin\\npm-cli.js',
1 verbose cli   'install',
1 verbose cli   'ng-socket-io',
1 verbose cli   '--save' ]
2 info using npm@1.4.28
3 info using node@v0.10.35
4 verbose node symlink C:\Program Files\nodejs\\node.exe
5 warn package.json regattaMobile@0.0.0 No description
6 warn package.json regattaMobile@0.0.0 No repository field.
7 warn package.json karma-phantomjs-launcher@0.1.4 No README data
8 verbose readDependencies using package.json deps
9 verbose cache add [ 'ng-socket-io', null ]
10 verbose cache add name=undefined spec="ng-socket-io" args=["ng-socket-io",null]
11 verbose parsed url { protocol: null,
11 verbose parsed url   slashes: null,
11 verbose parsed url   auth: null,
11 verbose parsed url   host: null,
11 verbose parsed url   port: null,
11 verbose parsed url   hostname: null,
11 verbose parsed url   hash: null,
11 verbose parsed url   search: null,
11 verbose parsed url   query: null,
11 verbose parsed url   pathname: 'ng-socket-io',
11 verbose parsed url   path: 'ng-socket-io',
11 verbose parsed url   href: 'ng-socket-io' }
12 silly lockFile 88c81b1d-ng-socket-io ng-socket-io
13 verbose lock ng-socket-io C:\Users\jbbin_000\AppData\Roaming\npm-cache\88c81b1d-ng-socket-io.lock
14 silly lockFile 88c81b1d-ng-socket-io ng-socket-io
15 silly lockFile 88c81b1d-ng-socket-io ng-socket-io
16 verbose addNamed [ 'ng-socket-io', '' ]
17 verbose addNamed [ null, '*' ]
18 silly lockFile c880273a-ng-socket-io ng-socket-io@
19 verbose lock ng-socket-io@ C:\Users\jbbin_000\AppData\Roaming\npm-cache\c880273a-ng-socket-io.lock
20 silly addNameRange { name: 'ng-socket-io', range: '*', hasData: false }
21 verbose request where is /ng-socket-io
22 verbose request registry https://registry.npmjs.org/
23 verbose request id 09186a02db4f1ffa
24 verbose url raw /ng-socket-io
25 verbose url resolving [ 'https://registry.npmjs.org/', './ng-socket-io' ]
26 verbose url resolved https://registry.npmjs.org/ng-socket-io
27 verbose request where is https://registry.npmjs.org/ng-socket-io
28 info trying registry request attempt 1 at 19:50:45
29 http GET https://registry.npmjs.org/ng-socket-io
30 http 404 https://registry.npmjs.org/ng-socket-io
31 verbose headers { server: 'CouchDB/1.5.0 (Erlang OTP/R16B03)',
31 verbose headers   'content-type': 'application/json',
31 verbose headers   'cache-control': 'max-age=0',
31 verbose headers   'content-length': '51',
31 verbose headers   'accept-ranges': 'bytes',
31 verbose headers   date: 'Tue, 16 Jun 2015 17:50:46 GMT',
31 verbose headers   via: '1.1 varnish',
31 verbose headers   age: '0',
31 verbose headers   connection: 'keep-alive',
31 verbose headers   'x-served-by': 'cache-fra1228-FRA',
31 verbose headers   'x-cache': 'MISS',
31 verbose headers   'x-cache-hits': '0',
31 verbose headers   'x-timer': 'S1434477046.260787,VS0,VE711' }
32 silly registry.get cb [ 404,
32 silly registry.get   { server: 'CouchDB/1.5.0 (Erlang OTP/R16B03)',
32 silly registry.get     'content-type': 'application/json',
32 silly registry.get     'cache-control': 'max-age=0',
32 silly registry.get     'content-length': '51',
32 silly registry.get     'accept-ranges': 'bytes',
32 silly registry.get     date: 'Tue, 16 Jun 2015 17:50:46 GMT',
32 silly registry.get     via: '1.1 varnish',
32 silly registry.get     age: '0',
32 silly registry.get     connection: 'keep-alive',
32 silly registry.get     'x-served-by': 'cache-fra1228-FRA',
32 silly registry.get     'x-cache': 'MISS',
32 silly registry.get     'x-cache-hits': '0',
32 silly registry.get     'x-timer': 'S1434477046.260787,VS0,VE711' } ]
33 silly lockFile c880273a-ng-socket-io ng-socket-io@
34 silly lockFile c880273a-ng-socket-io ng-socket-io@
35 error 404 404 Not Found: ng-socket-io
35 error 404
35 error 404 'ng-socket-io' is not in the npm registry.
35 error 404 You should bug the author to publish it
35 error 404 It was specified as a dependency of 'regattaMobile'
35 error 404
35 error 404 Note that you can also install from a
35 error 404 tarball, folder, or http url, or git url.
36 error System Windows_NT 6.2.9200
37 error command "C:\\Program Files\\nodejs\\\\node.exe" "C:\\Program Files\\nodejs\\node_modules\\npm\\bin\\npm-cli.js" "install" "ng-socket-io" "--save"
38 error cwd D:\Projects\Regatta\regatta-mobile
39 error node -v v0.10.35
40 error npm -v 1.4.28
41 error code E404
42 verbose exit [ 1, true ]
